Log file open, 07/09/18 19:01:03
LogWindows: Failed to load 'aqProf.dll' (GetLastError=126)
LogWindows: File 'aqProf.dll' does not exist
LogWindows: Failed to load 'VtuneApi.dll' (GetLastError=126)
LogWindows: File 'VtuneApi.dll' does not exist
LogWindows: Failed to load 'VtuneApi32e.dll' (GetLastError=126)
LogWindows: File 'VtuneApi32e.dll' does not exist
LogInit: Display: Running engine for game: EscapeRoom
LogPlatformFile: Not using cached read wrapper
LogInit: Display: RandInit(1341116236) SRandInit(1341116237).
LogInit: Read version file with build ID '3944462'
LogInit: Overriding engine version to CL 4033788, compatible CL 3944462
LogInit: Registered custom module enumerator with build ID '3944462'
LogTaskGraph: Started task graph with 5 named threads and 14 total threads with 3 sets of task threads.
LogStats: Stats thread started at 5.029869
LogD3D11RHI: Aftermath initialized
LogICUInternationalization: Display: ICU TimeZone Detection - Raw Offset: +2:00, Platform Override: ''
LogModuleManager: Display: Found up-to-date module file ../../../Engine/Plugins/2D/Paper2D/Binaries/Win64/UE4Editor-Paper2D.dll (API version 3944462).
LogModuleManager: Display: Found up-to-date module file ../../../Engine/Plugins/2D/Paper2D/Binaries/Win64/UE4Editor-Paper2DEditor.dll (API version 3944462).
LogModuleManager: Display: Found up-to-date module file ../../../Engine/Plugins/2D/Paper2D/Binaries/Win64/UE4Editor-PaperSpriteSheetImporter.dll (API version 3944462).
LogModuleManager: Display: Found up-to-date module file ../../../Engine/Plugins/2D/Paper2D/Binaries/Win64/UE4Editor-PaperTiledImporter.dll (API version 3944462).
LogModuleManager: Display: Found up-to-date module file ../../../Engine/Plugins/2D/Paper2D/Binaries/Win64/UE4Editor-SmartSnapping.dll (API version 3944462).
LogModuleManager: Display: Found up-to-date module file ../../../Engine/Plugins/Blendables/LightPropagationVolume/Binaries/Win64/UE4Editor-LightPropagationVolumeRuntime.dll (API version 3944462).
LogModuleManager: Display: Found up-to-date module file ../../../Engine/Plugins/Blendables/LightPropagationVolume/Binaries/Win64/UE4Editor-LightPropagationVolumeEditor.dll (API version 3944462).
LogModuleManager: Display: Found up-to-date module file ../../../Engine/Plugins/Developer/CLionSourceCodeAccess/Binaries/Win64/UE4Editor-CLionSourceCodeAccess.dll (API version 3944462).
LogModuleManager: Display: Found up-to-date module file ../../../Engine/Plugins/Developer/GitSourceControl/Binaries/Win64/UE4Editor-GitSourceControl.dll (API version 3944462).
LogModuleManager: Display: Found up-to-date module file ../../../Engine/Plugins/Developer/PerforceSourceControl/Binaries/Win64/UE4Editor-PerforceSourceControl.dll (API version 3944462).
LogModuleManager: Display: Found up-to-date module file ../../../Engine/Plugins/Developer/SubversionSourceControl/Binaries/Win64/UE4Editor-SubversionSourceControl.dll (API version 3944462).
LogModuleManager: Display: Found up-to-date module file ../../../Engine/Plugins/Developer/UObjectPlugin/Binaries/Win64/UE4Editor-UObjectPlugin.dll (API version 3944462).
LogModuleManager: Display: Found up-to-date module file ../../../Engine/Plugins/Developer/VisualStudioCodeSourceCodeAccess/Binaries/Win64/UE4Editor-VisualStudioCodeSourceCodeAccess.dll (API version 3944462).
LogModuleManager: Display: Found up-to-date module file ../../../Engine/Plugins/Developer/VisualStudioSourceCodeAccess/Binaries/Win64/UE4Editor-VisualStudioSourceCodeAccess.dll (API version 3944462).
LogModuleManager: Display: Found up-to-date module file ../../../Engine/Plugins/Editor/AssetManagerEditor/Binaries/Win64/UE4Editor-AssetManagerEditor.dll (API version 3944462).
LogModuleManager: Display: Found up-to-date module file ../../../Engine/Plugins/Editor/CryptoKeys/Binaries/Win64/UE4Editor-CryptoKeys.dll (API version 3944462).
LogModuleManager: Display: Found up-to-date module file ../../../Engine/Plugins/Editor/CryptoKeys/Binaries/Win64/UE4Editor-CryptoKeysOpenSSL.dll (API version 3944462).
LogModuleManager: Display: Found up-to-date module file ../../../Engine/Plugins/Editor/DataValidation/Binaries/Win64/UE4Editor-DataValidation.dll (API version 3944462).
LogModuleManager: Display: Found up-to-date module file ../../../Engine/Plugins/Editor/FacialAnimation/Binaries/Win64/UE4Editor-FacialAnimation.dll (API version 3944462).
LogModuleManager: Display: Found up-to-date module file ../../../Engine/Plugins/Editor/FacialAnimation/Binaries/Win64/UE4Editor-FacialAnimationEditor.dll (API version 3944462).
LogModuleManager: Display: Found up-to-date module file ../../../Engine/Plugins/Editor/GameplayTagsEditor/Binaries/Win64/UE4Editor-GameplayTagsEditor.dll (API version 3944462).
LogModuleManager: Display: Found up-to-date module file ../../../Engine/Plugins/Editor/MobileLauncherProfileWizard/Binaries/Win64/UE4Editor-MobileLauncherProfileWizard.dll (API version 3944462).
LogModuleManager: Display: Found up-to-date module file ../../../Engine/Plugins/Editor/PluginBrowser/Binaries/Win64/UE4Editor-PluginBrowser.dll (API version 3944462).
LogModuleManager: Display: Found up-to-date module file ../../../Engine/Plugins/Editor/SpeedTreeImporter/Binaries/Win64/UE4Editor-SpeedTreeImporter.dll (API version 3944462).
LogModuleManager: Display: Found up-to-date module file ../../../Engine/Plugins/Enterprise/DatasmithContent/Binaries/Win64/UE4Editor-DatasmithContent.dll (API version 3944462).
LogModuleManager: Display: Found up-to-date module file ../../../Engine/Plugins/Experimental/AlembicImporter/Binaries/Win64/UE4Editor-AlembicImporter.dll (API version 3944462).
LogModuleManager: Display: Found up-to-date module file ../../../Engine/Plugins/Experimental/AlembicImporter/Binaries/Win64/UE4Editor-AlembicLibrary.dll (API version 3944462).
LogModuleManager: Display: Found up-to-date module file ../../../Engine/Plugins/Experimental/CharacterAI/Binaries/Win64/UE4Editor-CharacterAI.dll (API version 3944462).
LogModuleManager: Display: Found up-to-date module file ../../../Engine/Plugins/Experimental/HTML5Networking/Binaries/Win64/UE4Editor-HTML5Networking.dll (API version 3944462).
LogModuleManager: Display: Found up-to-date module file ../../../Engine/Plugins/Media/AndroidMedia/Binaries/Win64/UE4Editor-AndroidMediaEditor.dll (API version 3944462).
LogModuleManager: Display: Found up-to-date module file ../../../Engine/Plugins/Media/AndroidMedia/Binaries/Win64/UE4Editor-AndroidMediaFactory.dll (API version 3944462).
LogModuleManager: Display: Found up-to-date module file ../../../Engine/Plugins/Media/AvfMedia/Binaries/Win64/UE4Editor-AvfMediaEditor.dll (API version 3944462).
LogModuleManager: Display: Found up-to-date module file ../../../Engine/Plugins/Media/AvfMedia/Binaries/Win64/UE4Editor-AvfMediaFactory.dll (API version 3944462).
LogModuleManager: Display: Found up-to-date module file ../../../Engine/Plugins/Media/AvfMedia/Binaries/Win64/UE4Editor-AvfMediaFactory.dll (API version 3944462).
LogModuleManager: Display: Found up-to-date module file ../../../Engine/Plugins/Media/ImgMedia/Binaries/Win64/UE4Editor-ImgMedia.dll (API version 3944462).
LogModuleManager: Display: Found up-to-date module file ../../../Engine/Plugins/Media/ImgMedia/Binaries/Win64/UE4Editor-ImgMediaEditor.dll (API version 3944462).
LogModuleManager: Display: Found up-to-date module file ../../../Engine/Plugins/Media/ImgMedia/Binaries/Win64/UE4Editor-ImgMediaFactory.dll (API version 3944462).
LogModuleManager: Display: Found up-to-date module file ../../../Engine/Plugins/Media/ImgMedia/Binaries/Win64/UE4Editor-ImgMediaFactory.dll (API version 3944462).
LogModuleManager: Display: Found up-to-date module file ../../../Engine/Plugins/Media/ImgMedia/Binaries/Win64/UE4Editor-OpenExrWrapper.dll (API version 3944462).
LogModuleManager: Display: Found up-to-date module file ../../../Engine/Plugins/Media/LinearTimecode/Binaries/Win64/UE4Editor-LinearTimecode.dll (API version 3944462).
LogModuleManager: Display: Found up-to-date module file ../../../Engine/Plugins/Media/MediaCompositing/Binaries/Win64/UE4Editor-MediaCompositing.dll (API version 3944462).
LogModuleManager: Display: Found up-to-date module file ../../../Engine/Plugins/Media/MediaCompositing/Binaries/Win64/UE4Editor-MediaCompositingEditor.dll (API version 3944462).
LogModuleManager: Display: Found up-to-date module file ../../../Engine/Plugins/Media/MediaPlayerEditor/Binaries/Win64/UE4Editor-MediaPlayerEditor.dll (API version 3944462).
LogModuleManager: Display: Found up-to-date module file ../../../Engine/Plugins/Media/WmfMedia/Binaries/Win64/UE4Editor-WmfMedia.dll (API version 3944462).
LogModuleManager: Display: Found up-to-date module file ../../../Engine/Plugins/Media/WmfMedia/Binaries/Win64/UE4Editor-WmfMediaEditor.dll (API version 3944462).
LogModuleManager: Display: Found up-to-date module file ../../../Engine/Plugins/Media/WmfMedia/Binaries/Win64/UE4Editor-WmfMediaFactory.dll (API version 3944462).
LogModuleManager: Display: Found up-to-date module file ../../../Engine/Plugins/Media/WmfMedia/Binaries/Win64/UE4Editor-WmfMediaFactory.dll (API version 3944462).
LogModuleManager: Display: Found up-to-date module file ../../../Engine/Plugins/Messaging/TcpMessaging/Binaries/Win64/UE4Editor-TcpMessaging.dll (API version 3944462).
LogModuleManager: Display: Found up-to-date module file ../../../Engine/Plugins/Messaging/UdpMessaging/Binaries/Win64/UE4Editor-UdpMessaging.dll (API version 3944462).
LogModuleManager: Display: Found up-to-date module file ../../../Engine/Plugins/MovieScene/ActorSequence/Binaries/Win64/UE4Editor-ActorSequence.dll (API version 3944462).
LogModuleManager: Display: Found up-to-date module file ../../../Engine/Plugins/MovieScene/LevelSequenceEditor/Binaries/Win64/UE4Editor-LevelSequenceEditor.dll (API version 3944462).
LogModuleManager: Display: Found up-to-date module file ../../../Engine/Plugins/MovieScene/MatineeToLevelSequence/Binaries/Win64/UE4Editor-MatineeToLevelSequence.dll (API version 3944462).
LogModuleManager: Display: Found up-to-date module file ../../../Engine/Plugins/NetcodeUnitTest/NetcodeUnitTest/Binaries/Win64/UE4Editor-NetcodeUnitTest.dll (API version 3944462).
LogModuleManager: Display: Found up-to-date module file ../../../Engine/Plugins/NetcodeUnitTest/NUTUnrealEngine4/Binaries/Win64/UE4Editor-NUTUnrealEngine4.dll (API version 3944462).
LogModuleManager: Display: Found up-to-date module file ../../../Engine/Plugins/Online/OnlineSubsystem/Binaries/Win64/UE4Editor-OnlineSubsystem.dll (API version 3944462).
LogModuleManager: Display: Found up-to-date module file ../../../Engine/Plugins/Runtime/AndroidPermission/Binaries/Win64/UE4Editor-AndroidPermission.dll (API version 3944462).
LogModuleManager: Display: Found up-to-date module file ../../../Engine/Plugins/Online/OnlineSubsystemNull/Binaries/Win64/UE4Editor-OnlineSubsystemNull.dll (API version 3944462).
LogModuleManager: Display: Found up-to-date module file ../../../Engine/Plugins/Online/OnlineSubsystemUtils/Binaries/Win64/UE4Editor-OnlineSubsystemUtils.dll (API version 3944462).
LogModuleManager: Display: Found up-to-date module file ../../../Engine/Plugins/Online/OnlineSubsystemUtils/Binaries/Win64/UE4Editor-OnlineBlueprintSupport.dll (API version 3944462).
LogModuleManager: Display: Found up-to-date module file ../../../Engine/Plugins/Runtime/AndroidDeviceProfileSelector/Binaries/Win64/UE4Editor-AndroidDeviceProfileSelector.dll (API version 3944462).
LogModuleManager: Display: Found up-to-date module file ../../../Engine/Plugins/Runtime/AppleARKit/Binaries/Win64/UE4Editor-AppleARKit.dll (API version 3944462).
LogModuleManager: Display: Found up-to-date module file ../../../Engine/Plugins/Runtime/ProceduralMeshComponent/Binaries/Win64/UE4Editor-ProceduralMeshComponent.dll (API version 3944462).
LogModuleManager: Display: Found up-to-date module file ../../../Engine/Plugins/Runtime/ProceduralMeshComponent/Binaries/Win64/UE4Editor-ProceduralMeshComponentEditor.dll (API version 3944462).
LogModuleManager: Display: Found up-to-date module file ../../../Engine/Plugins/Animation/LiveLink/Binaries/Win64/UE4Editor-LiveLink.dll (API version 3944462).
LogModuleManager: Display: Found up-to-date module file ../../../Engine/Plugins/Animation/LiveLink/Binaries/Win64/UE4Editor-LiveLinkEditor.dll (API version 3944462).
LogModuleManager: Display: Found up-to-date module file ../../../Engine/Plugins/Runtime/ArchVisCharacter/Binaries/Win64/UE4Editor-ArchVisCharacter.dll (API version 3944462).
LogModuleManager: Display: Found up-to-date module file ../../../Engine/Plugins/Runtime/AudioCapture/Binaries/Win64/UE4Editor-AudioCapture.dll (API version 3944462).
LogModuleManager: Display: Found up-to-date module file ../../../Engine/Plugins/Runtime/AudioCapture/Binaries/Win64/UE4Editor-AudioCaptureEditor.dll (API version 3944462).
LogModuleManager: Display: Found up-to-date module file ../../../Engine/Plugins/Runtime/CableComponent/Binaries/Win64/UE4Editor-CableComponent.dll (API version 3944462).
LogModuleManager: Display: Found up-to-date module file ../../../Engine/Plugins/Runtime/CustomMeshComponent/Binaries/Win64/UE4Editor-CustomMeshComponent.dll (API version 3944462).
LogModuleManager: Display: Found up-to-date module file ../../../Engine/Plugins/Runtime/ExampleDeviceProfileSelector/Binaries/Win64/UE4Editor-ExampleDeviceProfileSelector.dll (API version 3944462).
LogModuleManager: Display: Found up-to-date module file ../../../Engine/Plugins/Runtime/ImmediatePhysics/Binaries/Win64/UE4Editor-ImmediatePhysics.dll (API version 3944462).
LogModuleManager: Display: Found up-to-date module file ../../../Engine/Plugins/Runtime/ImmediatePhysics/Binaries/Win64/UE4Editor-ImmediatePhysicsEditor.dll (API version 3944462).
LogModuleManager: Display: Found up-to-date module file ../../../Engine/Plugins/Runtime/LocationServicesBPLibrary/Binaries/Win64/UE4Editor-LocationServicesBPLibrary.dll (API version 3944462).
LogModuleManager: Display: Found up-to-date module file ../../../Engine/Plugins/Runtime/MobilePatchingUtils/Binaries/Win64/UE4Editor-MobilePatchingUtils.dll (API version 3944462).
LogModuleManager: Display: Found up-to-date module file ../../../Engine/Plugins/Runtime/Oculus/OculusVR/Binaries/Win64/UE4Editor-OculusHMD.dll (API version 3944462).
LogModuleManager: Display: Found up-to-date module file ../../../Engine/Plugins/Runtime/Oculus/OculusVR/Binaries/Win64/UE4Editor-OculusInput.dll (API version 3944462).
LogModuleManager: Display: Found up-to-date module file ../../../Engine/Plugins/Runtime/Oculus/OculusVR/Binaries/Win64/UE4Editor-OculusEditor.dll (API version 3944462).
LogModuleManager: Display: Found up-to-date module file ../../../Engine/Plugins/Runtime/PhysXVehicles/Binaries/Win64/UE4Editor-PhysXVehicles.dll (API version 3944462).
LogModuleManager: Display: Found up-to-date module file ../../../Engine/Plugins/Runtime/PhysXVehicles/Binaries/Win64/UE4Editor-PhysXVehiclesEditor.dll (API version 3944462).
LogModuleManager: Display: Found up-to-date module file ../../../Engine/Plugins/Runtime/RuntimePhysXCooking/Binaries/Win64/UE4Editor-RuntimePhysXCooking.dll (API version 3944462).
LogModuleManager: Display: Found up-to-date module file ../../../Engine/Plugins/Runtime/Steam/SteamVR/Binaries/Win64/UE4Editor-SteamVR.dll (API version 3944462).
LogModuleManager: Display: Found up-to-date module file ../../../Engine/Plugins/Runtime/Steam/SteamVR/Binaries/Win64/UE4Editor-SteamVRController.dll (API version 3944462).
LogModuleManager: Display: Found up-to-date module file ../../../Engine/Plugins/Runtime/WindowsMoviePlayer/Binaries/Win64/UE4Editor-WindowsMoviePlayer.dll (API version 3944462).
LogPluginManager: Mounting plugin Paper2D
LogPluginManager: Mounting plugin LiveLink
LogPluginManager: Mounting plugin LightPropagationVolume
LogPluginManager: Mounting plugin CLionSourceCodeAccess
LogPluginManager: Mounting plugin CodeLiteSourceCodeAccess
LogPluginManager: Mounting plugin GitSourceControl
LogPluginManager: Mounting plugin KDevelopSourceCodeAccess
LogPluginManager: Mounting plugin NullSourceCodeAccess
LogPluginManager: Mounting plugin PerforceSourceControl
LogPluginManager: Mounting plugin SubversionSourceControl
LogPluginManager: Mounting plugin UObjectPlugin
LogPluginManager: Mounting plugin VisualStudioCodeSourceCodeAccess
LogPluginManager: Mounting plugin VisualStudioSourceCodeAccess
LogPluginManager: Mounting plugin XCodeSourceCodeAccess
LogPluginManager: Mounting plugin AssetManagerEditor
LogPluginManager: Mounting plugin CryptoKeys
LogPluginManager: Mounting plugin DataValidation
LogPluginManager: Mounting plugin FacialAnimation
LogPluginManager: Mounting plugin GameplayTagsEditor
LogPluginManager: Mounting plugin MobileLauncherProfileWizard
LogPluginManager: Mounting plugin PluginBrowser
LogPluginManager: Mounting plugin SpeedTreeImporter
LogPluginManager: Mounting plugin DatasmithContent
LogPluginManager: Mounting plugin AlembicImporter
LogPluginManager: Mounting plugin CharacterAI
LogPluginManager: Mounting plugin HTML5Networking
LogPluginManager: Mounting plugin AndroidMedia
LogPluginManager: Mounting plugin AvfMedia
LogPluginManager: Mounting plugin ImgMedia
LogPluginManager: Mounting plugin LinearTimecode
LogPluginManager: Mounting plugin MediaCompositing
LogPluginManager: Mounting plugin MediaPlayerEditor
LogPluginManager: Mounting plugin WmfMedia
LogPluginManager: Mounting plugin TcpMessaging
LogPluginManager: Mounting plugin UdpMessaging
LogPluginManager: Mounting plugin ActorSequence
LogPluginManager: Mounting plugin LevelSequenceEditor
LogPluginManager: Mounting plugin MatineeToLevelSequence
LogPluginManager: Mounting plugin NetcodeUnitTest
LogPluginManager: Mounting plugin NUTUnrealEngine4
LogPluginManager: Mounting plugin OnlineSubsystemGooglePlay
LogPluginManager: Mounting plugin OnlineSubsystemIOS
LogPluginManager: Mounting plugin OnlineSubsystem
LogPluginManager: Mounting plugin OnlineSubsystemNull
LogPluginManager: Mounting plugin OnlineSubsystemUtils
LogPluginManager: Mounting plugin AndroidDeviceProfileSelector
LogPluginManager: Mounting plugin AndroidMoviePlayer
LogPluginManager: Mounting plugin AndroidPermission
LogPluginManager: Mounting plugin AppleARKit
LogPluginManager: Mounting plugin AppleMoviePlayer
LogPluginManager: Mounting plugin ArchVisCharacter
LogPluginManager: Mounting plugin AudioCapture
LogPluginManager: Mounting plugin CableComponent
LogPluginManager: Mounting plugin CustomMeshComponent
LogPluginManager: Mounting plugin ExampleDeviceProfileSelector
LogPluginManager: Mounting plugin GoogleCloudMessaging
LogPluginManager: Mounting plugin ImmediatePhysics
LogPluginManager: Mounting plugin IOSDeviceProfileSelector
LogPluginManager: Mounting plugin LinuxDeviceProfileSelector
LogPluginManager: Mounting plugin LocationServicesBPLibrary
LogPluginManager: Mounting plugin MobilePatchingUtils
LogPluginManager: Mounting plugin OculusVR
LogPluginManager: Plugin shader directory ../../../Engine/Plugins/Runtime/Oculus/OculusVR/Shaders found
LogPluginManager: Mapping shader source directory ../../../Engine/Plugins/Runtime/Oculus/OculusVR/Shaders to virtual directory /Plugin/OculusVR
LogPluginManager: Mounting plugin PhysXVehicles
LogPluginManager: Mounting plugin ProceduralMeshComponent
LogPluginManager: Mounting plugin RuntimePhysXCooking
LogPluginManager: Mounting plugin SteamVR
LogPluginManager: Mounting plugin WindowsMoviePlayer
LogStreaming: Display: Took  2.378s to configure plugins.
LogInit: Using libcurl 7.47.1
LogInit:  - built for x86_64-pc-win32
LogInit:  - supports SSL with OpenSSL/1.0.2g
LogInit:  - supports HTTP deflate (compression) using libz 1.2.8
LogInit:  - other features:
LogInit:      CURL_VERSION_SSL
LogInit:      CURL_VERSION_LIBZ
LogInit:      CURL_VERSION_IPV6
LogInit:      CURL_VERSION_ASYNCHDNS
LogInit:      CURL_VERSION_LARGEFILE
LogInit:      CURL_VERSION_IDN
LogInit:  CurlRequestOptions (configurable via config and command line):
LogInit:  - bVerifyPeer = false  - Libcurl will NOT verify peer certificate
LogInit:  - bUseHttpProxy = false  - Libcurl will NOT use HTTP proxy
LogInit:  - bDontReuseConnections = false  - Libcurl will reuse connections
LogInit:  - CertBundlePath = nullptr  - Libcurl will use whatever was configured at build time.
LogInit:  - MaxHostConnections = 16  - Libcurl will limit the number of connections to a host
LogInit:  - LocalHostAddr = Default
LogInit: WinSock: version 1.1 (2.2), MaxSocks=32767, MaxUdp=65467
LogInit: WinSock: I am DESKTOP-T6SH14B (95.43.94.112:0)
LogInit: Build: ++UE4+Release-4.19-CL-4033788
LogInit: Engine Version: 4.19.2-4033788+++UE4+Release-4.19
LogInit: Compatible Engine Version: 4.19.0-3944462+++UE4+Release-4.19
LogInit: Net CL: 3944462
LogDevObjectVersion: Number of dev versions registered: 18
LogDevObjectVersion:   Dev-Blueprints (B0D832E4-1F89-4F0D-ACCF-7EB736FD4AA2): 10
LogDevObjectVersion:   Dev-Build (E1C64328-A22C-4D53-A36C-8E866417BD8C): 0
LogDevObjectVersion:   Dev-Core (375EC13C-06E4-48FB-B500-84F0262A717E): 2
LogDevObjectVersion:   Dev-Editor (E4B068ED-F494-42E9-A231-DA0B2E46BB41): 23
LogDevObjectVersion:   Dev-Framework (CFFC743F-43B0-4480-9391-14DF171D2073): 33
LogDevObjectVersion:   Dev-Mobile (B02B49B5-BB20-44E9-A304-32B752E40360): 2
LogDevObjectVersion:   Dev-Networking (A4E4105C-59A1-49B5-A7C5-40C4547EDFEE): 0
LogDevObjectVersion:   Dev-Online (39C831C9-5AE6-47DC-9A44-9C173E1C8E7C): 0
LogDevObjectVersion:   Dev-Physics (78F01B33-EBEA-4F98-B9B4-84EACCB95AA2): 0
LogDevObjectVersion:   Dev-Platform (6631380F-2D4D-43E0-8009-CF276956A95A): 0
LogDevObjectVersion:   Dev-Rendering (12F88B9F-8875-4AFC-A67C-D90C383ABD29): 25
LogDevObjectVersion:   Dev-Sequencer (7B5AE74C-D270-4C10-A958-57980B212A5A): 6
LogDevObjectVersion:   Dev-VR (D7296918-1DD6-4BDD-9DE2-64A83CC13884): 1
LogDevObjectVersion:   Dev-LoadTimes (C2A15278-BFE7-4AFE-6C17-90FF531DF755): 1
LogDevObjectVersion:   Private-Geometry (6EACA3D4-40EC-4CC1-B786-8BED09428FC5): 2
LogDevObjectVersion:   Dev-AnimPhys (29E575DD-E0A3-4627-9D10-D276232CDCEA): 16
LogDevObjectVersion:   Dev-ReflectionCapture (6B266CEC-1EC7-4B8F-A30B-E4D90942FC07): 1
LogDevObjectVersion:   Dev-Automation (0DF73D61-A23F-47EA-B727-89E90C41499A): 1
LogInit: Compiled (64-bit): Apr 27 2018 02:06:57
LogInit: Compiled with Visual C++: 19.00.24215.01
LogInit: Build Configuration: Development
LogInit: Branch Name: ++UE4+Release-4.19
LogInit: Command Line:  
LogInit: Base Directory: D:/Program Files/Epic Games/UE_4.19/Engine/Binaries/Win64/
LogInit: Installed Engine Build: 1
LogStreaming: Display: Took  0.000s to delete old logs.
LogInit: Presizing for max 8388607 objects, including 0 objects not considered by GC, pre-allocating 0 bytes for permanent pool.
LogInit: Object subsystem initialized
[2018.07.09-16.01.08:329][  0]LogInit: Selected Device Profile: [Windows]
[2018.07.09-16.01.08:330][  0]LogInit: Applying CVar settings loaded from the selected device profile: [Windows]
[2018.07.09-16.01.08:463][  0]LogInit: Computer: DESKTOP-T6SH14B
[2018.07.09-16.01.08:463][  0]LogInit: User: misho
[2018.07.09-16.01.08:463][  0]LogInit: CPU Page size=4096, Cores=4
[2018.07.09-16.01.08:463][  0]LogInit: High frequency timer resolution =3.421874 MHz
[2018.07.09-16.01.08:463][  0]LogMemory: Memory total: Physical=8.0GB (8GB approx)
[2018.07.09-16.01.08:463][  0]LogMemory: Platform Memory Stats for Windows
[2018.07.09-16.01.08:463][  0]LogMemory: Process Physical Memory: 272.46 MB used, 272.46 MB peak
[2018.07.09-16.01.08:464][  0]LogMemory: Process Virtual Memory: 266.02 MB used, 266.02 MB peak
[2018.07.09-16.01.08:464][  0]LogMemory: Physical Memory: 5234.12 MB used,  2917.84 MB free, 8151.96 MB total
[2018.07.09-16.01.08:464][  0]LogMemory: Virtual Memory: 4780.14 MB used,  2917.84 MB free, 134217728.00 MB total
[2018.07.09-16.01.09:367][  0]LogInit: Using OS detected language (en-US).
[2018.07.09-16.01.09:367][  0]LogInit: Using OS detected locale (en-US).
[2018.07.09-16.01.09:564][  0]LogTextLocalizationManager: No specific localization for 'en-US' exists, so the 'en' localization will be used.
[2018.07.09-16.01.10:339][  0]LogStreaming: Display: Took  0.975s to EndInitTextLocalization.
[2018.07.09-16.01.10:363][  0]LogInit: Setting process to per monitor DPI aware
[2018.07.09-16.01.11:130][  0]LogSlate: New Slate User Created.  User Index 0, Is Virtual User: 0
[2018.07.09-16.01.11:130][  0]LogSlate: Slate User Registered.  User Index 0, Is Virtual User: 0
[2018.07.09-16.01.12:315][  0]LogD3D11RHI: D3D11 adapters:
[2018.07.09-16.01.12:605][  0]LogD3D11RHI:    0. 'NVIDIA GeForce GTX 1060 3GB' (Feature Level 11_0)
[2018.07.09-16.01.12:605][  0]LogD3D11RHI:       2988/0/4075 MB DedicatedVideo/DedicatedSystem/SharedSystem, Outputs:1, VendorId:0x10de
[2018.07.09-16.01.12:611][  0]LogD3D11RHI:    1. 'Microsoft Basic Render Driver' (Feature Level 11_0)
[2018.07.09-16.01.12:611][  0]LogD3D11RHI:       0/0/4075 MB DedicatedVideo/DedicatedSystem/SharedSystem, Outputs:0, VendorId:0x1414
[2018.07.09-16.01.12:611][  0]LogD3D11RHI: Chosen D3D11 Adapter: 0
[2018.07.09-16.01.12:621][  0]LogD3D11RHI: Creating new Direct3DDevice
[2018.07.09-16.01.12:621][  0]LogD3D11RHI:     GPU DeviceId: 0x1c02 (for the marketing name, search the web for "GPU Device Id")
[2018.07.09-16.01.12:621][  0]LogWindows: EnumDisplayDevices:
[2018.07.09-16.01.12:622][  0]LogWindows:    0. 'NVIDIA GeForce GTX 1060 3GB' (P:1 D:1)
[2018.07.09-16.01.12:622][  0]LogWindows:    1. 'NVIDIA GeForce GTX 1060 3GB' (P:0 D:0)
[2018.07.09-16.01.12:622][  0]LogWindows:    2. 'NVIDIA GeForce GTX 1060 3GB' (P:0 D:0)
[2018.07.09-16.01.12:623][  0]LogWindows:    3. 'NVIDIA GeForce GTX 1060 3GB' (P:0 D:0)
[2018.07.09-16.01.12:623][  0]LogWindows: DebugString: GetVideoDriverDetailsInvalid PrimaryIsNotTheChoosenAdapter GetVideoDriverDetailsInvalid PrimaryIsNotTheChoosenAdapter GetVideoDriverDetailsInvalid PrimaryIsNotTheChoosenAdapter GetVideoDriverDetailsInvalid PrimaryIsNotTheChoosenAdapter FoundDriverCount:0 
[2018.07.09-16.01.12:623][  0]LogD3D11RHI:     Adapter Name: NVIDIA GeForce GTX 1060 3GB
[2018.07.09-16.01.12:623][  0]LogD3D11RHI:   Driver Version: Unknown (internal:Unknown, unified:Unknown)
[2018.07.09-16.01.12:623][  0]LogD3D11RHI:      Driver Date: Unknown
[2018.07.09-16.01.12:626][  0]LogRHI: Texture pool is 2091 MB (70% of 2988 MB)
[2018.07.09-16.01.12:767][  0]LogD3D11RHI: [Aftermath] Aftermath enabled and primed
[2018.07.09-16.01.12:767][  0]LogD3D11RHI: [Aftermath] Aftermath enabled and primed
[2018.07.09-16.01.12:767][  0]LogD3D11RHI: Async texture creation enabled
[2018.07.09-16.01.13:124][  0]LogD3D11RHI: GPU Timing Frequency: 1000.000000 (Debug: 2 2)
[2018.07.09-16.01.13:244][  0]LogShaderCompilers: Guid format shader working directory is 0 characters bigger than the processId version (../../../../../../Repos/UdemyUnreal/EscapeRoom/Intermediate/Shaders/WorkingDirectory/7956/).
[2018.07.09-16.01.13:248][  0]LogShaderCompilers: Cleaned the shader compiler working directory 'C:/Users/misho/AppData/Local/Temp/UnrealShaderWorkingDir/385BCD4E467F172E577B03A1E54EBCA0/'.
[2018.07.09-16.01.15:042][  0]LogTemp: Display: Loaded TP AllDesktopTargetPlatform
[2018.07.09-16.01.15:065][  0]LogTemp: Display: Loaded TP MacClientTargetPlatform
[2018.07.09-16.01.15:084][  0]LogTemp: Display: Loaded TP MacNoEditorTargetPlatform
[2018.07.09-16.01.15:098][  0]LogTemp: Display: Loaded TP MacServerTargetPlatform
[2018.07.09-16.01.15:125][  0]LogTemp: Display: Loaded TP MacTargetPlatform
[2018.07.09-16.01.15:139][  0]LogTemp: Display: Loaded TP WindowsClientTargetPlatform
[2018.07.09-16.01.15:153][  0]LogTemp: Display: Loaded TP WindowsNoEditorTargetPlatform
[2018.07.09-16.01.15:167][  0]LogTemp: Display: Loaded TP WindowsServerTargetPlatform
[2018.07.09-16.01.15:175][  0]LogTemp: Display: Loaded TP WindowsTargetPlatform
[2018.07.09-16.01.15:188][  0]LogTemp: Display: Loaded TP Android_ASTCTargetPlatform
[2018.07.09-16.01.15:200][  0]LogTemp: Display: Loaded TP Android_ATCTargetPlatform
[2018.07.09-16.01.15:212][  0]LogTemp: Display: Loaded TP Android_DXTTargetPlatform
[2018.07.09-16.01.15:226][  0]LogTemp: Display: Loaded TP Android_ETC1aTargetPlatform
[2018.07.09-16.01.15:239][  0]LogTemp: Display: Loaded TP Android_ETC1TargetPlatform
[2018.07.09-16.01.15:251][  0]LogTemp: Display: Loaded TP Android_ETC2TargetPlatform
[2018.07.09-16.01.15:276][  0]LogTemp: Display: Loaded TP Android_MultiTargetPlatform
[2018.07.09-16.01.15:276][  0]LogTemp: Display: Loaded TP Android_PVRTCTargetPlatform
[2018.07.09-16.01.15:301][  0]LogTemp: Display: Loaded TP AndroidTargetPlatform
[2018.07.09-16.01.15:305][  0]LogTemp: Display: Loaded TP HTML5TargetPlatform
[2018.07.09-16.01.15:412][  0]LogTemp: Display: Loaded TP IOSTargetPlatform
[2018.07.09-16.01.15:422][  0]LogTemp: Display: Loaded TP TVOSTargetPlatform
[2018.07.09-16.01.15:435][  0]LogTemp: Display: Loaded TP LinuxClientTargetPlatform
[2018.07.09-16.01.15:446][  0]LogTemp: Display: Loaded TP LinuxNoEditorTargetPlatform
[2018.07.09-16.01.15:458][  0]LogTemp: Display: Loaded TP LinuxServerTargetPlatform
[2018.07.09-16.01.15:473][  0]LogTemp: Display: Loaded TP LinuxTargetPlatform
[2018.07.09-16.01.15:473][  0]LogTargetPlatformManager: Display: Building Assets For Windows
[2018.07.09-16.01.16:386][  0]LogXGEController: Cleaning working directory: C:/Users/misho/AppData/Local/Temp/UnrealXGEWorkingDir/
[2018.07.09-16.01.16:398][  0]LogShaderCompilers: Display: Using XGE Shader Compiler (Interception Interface).
[2018.07.09-16.01.18:188][  0]LogDerivedDataCache: Display: Max Cache Size: 512 MB
[2018.07.09-16.01.19:063][  0]LogDerivedDataCache: Loaded boot cache 0.87s 74MB C:/Users/misho/AppData/Local/UnrealEngine/4.19/DerivedDataCache/Boot.ddc.
[2018.07.09-16.01.19:063][  0]LogDerivedDataCache: Display: Loaded Boot cache: C:/Users/misho/AppData/Local/UnrealEngine/4.19/DerivedDataCache/Boot.ddc
[2018.07.09-16.01.19:064][  0]LogDerivedDataCache: FDerivedDataBackendGraph:  Pak pak cache file ../../../../../../Repos/UdemyUnreal/EscapeRoom/DerivedDataCache/DDC.ddp not found, will not use a pak cache.
[2018.07.09-16.01.19:064][  0]LogDerivedDataCache: Unable to find inner node Pak for hierarchical cache Hierarchy.
[2018.07.09-16.01.19:064][  0]LogDerivedDataCache: FDerivedDataBackendGraph:  CompressedPak pak cache file ../../../../../../Repos/UdemyUnreal/EscapeRoom/DerivedDataCache/Compressed.ddp not found, will not use a pak cache.
[2018.07.09-16.01.19:064][  0]LogDerivedDataCache: Unable to find inner node CompressedPak for hierarchical cache Hierarchy.
[2018.07.09-16.01.19:139][  0]LogDerivedDataCache: Display: Pak cache opened for reading ../../../Engine/DerivedDataCache/Compressed.ddp.
[2018.07.09-16.01.19:177][  0]LogDerivedDataCache: Using Local data cache path C:/Users/misho/AppData/Local/UnrealEngine/Common/DerivedDataCache: Writable
[2018.07.09-16.01.19:177][  0]LogDerivedDataCache: Shared data cache path not found in *engine.ini, will not use an Shared cache.
[2018.07.09-16.01.19:177][  0]LogDerivedDataCache: Unable to find inner node Shared for hierarchical cache Hierarchy.
[2018.07.09-16.01.19:254][  0]LogMaterial: Verifying Global Shaders for PCD3D_SM5
[2018.07.09-16.01.19:278][  0]LogSlate: Using Freetype 2.6.0
[2018.07.09-16.01.19:365][  0]LogSlate: SlateFontCache - WITH_FREETYPE: 1, WITH_HARFBUZZ: 1
[2018.07.09-16.01.19:365][  0]LogSlate: SlateFontCache - WITH_FREETYPE: 1, WITH_HARFBUZZ: 1
[2018.07.09-16.01.23:526][  0]LogAssetRegistry: FAssetRegistry took 0.0504 seconds to start up
[2018.07.09-16.01.29:690][  0]LogInit: Selected Device Profile: [Windows]
[2018.07.09-16.01.31:441][  0]LogSimplygon: Simplygon DLL not present - disabling.
[2018.07.09-16.01.31:464][  0]LogMeshReduction: Using SimplygonSwarm for distributed automatic mesh merging
[2018.07.09-16.01.31:466][  0]LogMeshReduction: Using QuadricMeshReduction for automatic static mesh reduction
[2018.07.09-16.01.31:466][  0]LogMeshReduction: No automatic skeletal mesh reduction module available
[2018.07.09-16.01.31:466][  0]LogMeshReduction: No automatic mesh merging module available
[2018.07.09-16.01.31:466][  0]LogMeshMerging: No automatic mesh merging module available
[2018.07.09-16.01.32:153][  0]LogNetVersion: EscapeRoom , NetCL: 3944462, EngineNetVer: 2, GameNetVer: 0 (Checksum: 3547860031)
[2018.07.09-16.01.37:157][  0]LogPackageLocalizationCache: Processed 9 localized package path(s) for 2 prioritized culture(s) in 0.157759 seconds
[2018.07.09-16.01.37:183][  0]LogUObjectArray: 36728 objects as part of root set at end of initial load.
[2018.07.09-16.01.37:183][  0]LogUObjectAllocator: 7314304 out of 0 bytes used by permanent object pool.
[2018.07.09-16.01.37:183][  0]LogUObjectArray: CloseDisregardForGC: 0/0 objects in disregard for GC pool
[2018.07.09-16.01.53:602][  0]LogTcpMessaging: Initializing TcpMessaging bridge
[2018.07.09-16.01.53:689][  0]LogUdpMessaging: Initializing bridge on interface 0.0.0.0:0 to multicast group 230.0.0.1:6666.
[2018.07.09-16.01.55:015][  0]SourceControl: Source control is disabled
[2018.07.09-16.01.55:036][  0]SourceControl: Source control is disabled
[2018.07.09-16.01.55:246][  0]SourceControl: Source control is disabled
[2018.07.09-16.01.55:304][  0]SourceControl: Source control is disabled
[2018.07.09-16.01.57:181][  0]LogAndroidPermission: UAndroidPermissionCallbackProxy::GetInstance
[2018.07.09-16.01.57:548][  0]LogOcInput: OculusInput pre-init called
[2018.07.09-16.01.58:452][  0]LogEngine: Initializing Engine...
[2018.07.09-16.01.58:527][  0]LogHMD: Failed to initialize OpenVR with code 110
[2018.07.09-16.01.58:561][  0]LogStats: UGameplayTagsManager::ConstructGameplayTagTree: Construct from data asset -  0.000 s
[2018.07.09-16.01.58:561][  0]LogStats: UGameplayTagsManager::ConstructGameplayTagTree: GameplayTagTreeChangedEvent.Broadcast -  0.000 s
[2018.07.09-16.02.00:138][  0]LogAIModule: Creating AISystem for world Untitled
[2018.07.09-16.02.00:626][  0]LogInit: XAudio2 using 'Speakers (Realtek High Definition Audio)' : 2 channels at 48 kHz using 32 bits per sample (channel mask 0x3)
[2018.07.09-16.02.00:666][  0]LogInit: FAudioDevice initialized.
[2018.07.09-16.02.01:502][  0]LogDerivedDataCache: Saved boot cache 0.80s 74MB C:/Users/misho/AppData/Local/UnrealEngine/4.19/DerivedDataCache/Boot.ddc.
[2018.07.09-16.02.01:529][  0]LogInit: Texture streaming: Enabled
[2018.07.09-16.02.01:725][  0]LogEngineSessionManager: EngineSessionManager initialized
[2018.07.09-16.02.03:432][  0]LogInit: Transaction tracking system initialized
[2018.07.09-16.02.06:839][  0]BlueprintLog: New page: Editor Load
[2018.07.09-16.02.15:676][  0]LocalizationService: Localization service is disabled
[2018.07.09-16.02.19:184][  0]LogLinker: Warning: Can't find file '/Game/ThirdPersonBP/ThirdPersonOverview'
[2018.07.09-16.02.19:206][  0]LogLinker: Warning: Can't find file '/Game/ThirdPersonBP/ThirdPersonOverview'
[2018.07.09-16.02.19:206][  0]LogUObjectGlobals: Warning: Failed to find object 'Class /Game/ThirdPersonBP/ThirdPersonOverview.ThirdPersonOverview_C'
[2018.07.09-16.02.21:323][  0]LogConsoleResponse: Display: 
[2018.07.09-16.02.26:069][  0]LogFileCache: Scanning file cache for directory 'D:/Repos/UdemyUnreal/EscapeRoom/Content/' took 0.02s
[2018.07.09-16.02.26:069][  0]LogCook: Display: Max memory allowance for cook 16384mb min free memory 0mb
[2018.07.09-16.02.26:090][  0]LogCook: Display: Mobile HDR setting 1
[2018.07.09-16.02.26:114][  0]LogGameplayTags: Display: UGameplayTagsManager::DoneAddingNativeTags. DelegateIsBound: 0
[2018.07.09-16.02.26:158][  0]LogStats: UGameplayTagsManager::ConstructGameplayTagTree: Construct from data asset -  0.000 s
[2018.07.09-16.02.26:158][  0]LogStats: UGameplayTagsManager::ConstructGameplayTagTree: GameplayTagTreeChangedEvent.Broadcast -  0.000 s
[2018.07.09-16.02.34:340][  0]SourceControl: Source control is disabled
[2018.07.09-16.02.34:472][  0]Cmd: MAP LOAD FILE="../../../../../../Repos/UdemyUnreal/EscapeRoom/Content/StarterContent/Maps/Minimal_Default.umap" TEMPLATE=0 SHOWPROGRESS=1 FEATURELEVEL=3
[2018.07.09-16.02.34:584][  0]LightingResults: New page: Lighting Build
[2018.07.09-16.02.35:414][  0]MapCheck: New page: Map Check
[2018.07.09-16.02.35:414][  0]LightingResults: New page: Lighting Build
[2018.07.09-16.02.52:146][  0]LogAIModule: Creating AISystem for world Minimal_Default
[2018.07.09-16.02.56:973][  0]LogEditorServer: Finished looking for orphan Actors (0.000 secs)
[2018.07.09-16.02.58:461][  0]Cmd: MAP CHECKDEP NOCLEARLOG
[2018.07.09-16.02.58:809][  0]MapCheck: Map check complete: 0 Error(s), 0 Warning(s), took 345.969ms to complete.
[2018.07.09-16.02.58:832][  0]LogFileHelpers: Loading map 'Minimal_Default' took 24.419
[2018.07.09-16.03.05:478][  0]LogCollectionManager: Loaded 0 collections in 0.002642 seconds
[2018.07.09-16.03.06:203][  0]LogFileCache: Scanning file cache for directory 'D:/Repos/UdemyUnreal/EscapeRoom/Saved/Collections/' took 0.01s
[2018.07.09-16.03.06:203][  0]LogFileCache: Scanning file cache for directory 'D:/Repos/UdemyUnreal/EscapeRoom/Content/Developers/misho/Collections/' took 0.01s
[2018.07.09-16.03.06:203][  0]LogFileCache: Scanning file cache for directory 'D:/Repos/UdemyUnreal/EscapeRoom/Content/Collections/' took 0.01s
[2018.07.09-16.03.06:203][  0]LogCollectionManager: Rebuilt the GUID cache for 0 collections in 0.000001 seconds
[2018.07.09-16.03.06:268][  0]LogContentBrowser: Native class hierarchy populated in 0.0632 seconds. Added 2452 classes and 558 folders.
[2018.07.09-16.03.06:635][  0]LogContentBrowser: Native class hierarchy updated for 'WidgetCarousel' in 0.0002 seconds. Added 0 classes and 0 folders.
[2018.07.09-16.03.09:129][  0]LogContentBrowser: Native class hierarchy updated for 'AddContentDialog' in 0.0003 seconds. Added 0 classes and 0 folders.
[2018.07.09-16.03.09:683][  0]LogContentBrowser: Native class hierarchy updated for 'SceneOutliner' in 0.0004 seconds. Added 1 classes and 2 folders.
[2018.07.09-16.03.16:936][  0]LogSlate: Took 0.026867 seconds to synchronously load lazily loaded font '../../../Engine/Content/Slate/Fonts/Roboto-Regular.ttf' (155K)
[2018.07.09-16.03.17:168][  0]LogSlate: Took 0.204396 seconds to synchronously load lazily loaded font '../../../Engine/Content/Slate/Fonts/Roboto-Bold.ttf' (160K)
[2018.07.09-16.03.17:528][  0]LogSlate: Took 0.025013 seconds to synchronously load lazily loaded font '../../../Engine/Content/Editor/Slate/Fonts/FontAwesome.ttf' (139K)
[2018.07.09-16.03.19:683][  0]LogRenderer: Reallocating scene render targets to support 1208x576 Format 10 NumSamples 1 (Frame:1).
[2018.07.09-16.03.28:498][  0]LogSlate: FSceneViewport::OnFocusLost() reason 2
[2018.07.09-16.03.29:519][  0]LogSlate: Window 'Tutorials' being destroyed
[2018.07.09-16.03.30:020][  0]LogContentBrowser: Native class hierarchy updated for 'HierarchicalLODOutliner' in 0.0004 seconds. Added 0 classes and 0 folders.
[2018.07.09-16.03.30:020][  0]LogLoad: (Engine Initialization) Total time: 158.94 seconds
[2018.07.09-16.03.30:020][  0]LogLoad: (Engine Initialization) Total Blueprint compile time: 0.00 seconds
[2018.07.09-16.03.31:072][  0]LogContentStreaming: Texture pool size now 1000 MB
[2018.07.09-16.03.31:804][  1]LogSlate: Took 0.008464 seconds to synchronously load lazily loaded font '../../../Engine/Content/Slate/Fonts/Roboto-Light.ttf' (167K)
[2018.07.09-16.03.32:217][  3]LogAssetRegistry: Asset discovery search completed in 128.7324 seconds
[2018.07.09-16.03.32:273][  3]LogCollectionManager: Rebuilt the object cache for 0 collections in 0.000001 seconds (found 0 objects)
[2018.07.09-16.03.32:273][  3]LogCollectionManager: Fixed up redirectors for 0 collections in 0.000588 seconds (updated 0 objects)
[2018.07.09-16.03.41:753][516]LogSlate: FSceneViewport::OnFocusLost() reason 2
[2018.07.09-16.03.42:702][626]LogSlate: FSceneViewport::OnFocusLost() reason 2
[2018.07.09-16.03.55:127][938]LogEditorViewport: Clicking on Actor (context menu): BP_Sky_Sphere_C (BP_Sky_Sphere)
[2018.07.09-16.03.57:409][938]LogSlate: FSceneViewport::OnFocusLost() reason 2
[2018.07.09-16.03.57:438][938]LogEditorViewport: Clicking on Actor (context menu): BP_Sky_Sphere_C (BP_Sky_Sphere)
[2018.07.09-16.03.57:471][938]LogSlate: FSceneViewport::OnFocusLost() reason 2
[2018.07.09-16.03.57:519][938]LogEditorViewport: Clicking on Actor (LMB): BP_Sky_Sphere_C (BP_Sky_Sphere)
[2018.07.09-16.03.57:613][938]LogEditorViewport: Clicking on Actor (context menu): BP_Sky_Sphere_C (BP_Sky_Sphere)
[2018.07.09-16.03.57:649][938]LogSlate: FSceneViewport::OnFocusLost() reason 2
[2018.07.09-16.03.57:693][938]LogEditorViewport: Clicking on Actor (LMB): BP_Sky_Sphere_C (BP_Sky_Sphere)
[2018.07.09-16.03.58:350][939]LogEditorViewport: Clicking on Actor (LMB): BP_Sky_Sphere_C (BP_Sky_Sphere)
[2018.07.09-16.04.00:968][218]LogEditorViewport: Clicking on Actor (context menu): BP_Sky_Sphere_C (BP_Sky_Sphere)
[2018.07.09-16.04.00:987][218]LogSlate: FSceneViewport::OnFocusLost() reason 2
[2018.07.09-16.04.01:647][290]LogEditorViewport: Clicking on Actor (LMB): BP_Sky_Sphere_C (BP_Sky_Sphere)
[2018.07.09-16.04.06:380][773]LogEditorViewport: Clicking on Actor (LMB): StaticMeshActor (Chair)
[2018.07.09-16.04.12:063][773]Cmd: CAMERA ALIGN ACTIVEVIEWPORTONLY
[2018.07.09-16.04.15:654][776]LogEditorViewport: Clicking on Actor (context menu): StaticMeshActor (Table)
[2018.07.09-16.04.15:769][776]LogSlate: FSceneViewport::OnFocusLost() reason 2
[2018.07.09-16.04.56:996][450]LogEditorViewport: Clicking on Actor (LMB): StaticMeshActor (Chair)
[2018.07.09-16.04.58:056][570]LogEditorViewport: Clicking on Actor (LMB): StaticMeshActor (Floor)
[2018.07.09-16.04.58:618][631]Cmd: SELECT NONE
[2018.07.09-16.05.26:521][922]LogEditorViewport: Clicking on Actor (LMB): StaticMeshActor (Chair)
[2018.07.09-16.05.27:167][986]Cmd: CAMERA ALIGN ACTIVEVIEWPORTONLY
[2018.07.09-16.05.29:604][272]Cmd: SELECT NONE
[2018.07.09-16.05.32:314][574]LogWindows: LaunchURL http://docs.unrealengine.com/latest/INT/Engine/UI/LevelEditor/Viewports/ViewportControls/index.html
[2018.07.09-16.05.32:317][574]LogSlate: FSceneViewport::OnFocusLost() reason 0
[2018.07.09-16.05.38:832][ 44]LogEditorViewport: Clicking on Actor (LMB): BP_Sky_Sphere_C (BP_Sky_Sphere)
[2018.07.09-16.05.39:668][138]LogWindows: LaunchURL http://docs.unrealengine.com/latest/INT/Engine/UI/LevelEditor/Viewports/ViewportControls/index.html
[2018.07.09-16.05.39:670][138]LogSlate: FSceneViewport::OnFocusLost() reason 0
[2018.07.09-16.05.57:795][ 43]LogEditorViewport: Clicking on Actor (LMB): BP_Sky_Sphere_C (BP_Sky_Sphere)
[2018.07.09-16.05.58:289][ 92]LogEditorViewport: Clicking on Actor (LMB): StaticMeshActor (Chair)
[2018.07.09-16.06.00:546][355]Cmd: CAMERA ALIGN ACTIVEVIEWPORTONLY
[2018.07.09-16.06.25:402][287]LogSlate: FSceneViewport::OnFocusLost() reason 2
[2018.07.09-16.06.31:393][943]LogEditorViewport: Clicking on Actor (LMB): StaticMeshActor (Chair)
[2018.07.09-16.06.47:935][844]LogSlate: FSceneViewport::OnFocusLost() reason 0
[2018.07.09-16.07.16:749][108]LogSlate: FSceneViewport::OnFocusLost() reason 0
[2018.07.09-16.07.22:287][712]LogSlate: FSceneViewport::OnFocusLost() reason 2
[2018.07.09-16.07.38:494][742]LogSlate: Window 'New Level' being destroyed
[2018.07.09-16.07.45:590][742]LogSlate: Window 'Save Content' being destroyed
[2018.07.09-16.07.45:657][742]LogSlate: Took 0.000271 seconds to synchronously load lazily loaded font '../../../Engine/Content/Slate/Fonts/Roboto-Light.ttf' (167K)
[2018.07.09-16.07.46:684][742]LogSavePackage: Save=700.33ms
[2018.07.09-16.07.46:684][742]LogSavePackage: Moving '../../../../../../Repos/UdemyUnreal/EscapeRoom/Saved/Minimal_Default344285434D5740EF682D63B147D11519.tmp' to '../../../../../../Repos/UdemyUnreal/EscapeRoom/Content/StarterContent/Maps/Minimal_Default.umap'
[2018.07.09-16.07.46:753][742]LogSavePackage: Display: Finished SavePackage ../../../../../../Repos/UdemyUnreal/EscapeRoom/Content/StarterContent/Maps/Minimal_Default.umap
[2018.07.09-16.07.46:803][742]LogFileHelpers: Saving map 'Minimal_Default' took 1.114
[2018.07.09-16.07.46:846][742]Cmd: MAP LOAD FILE="../../../Engine/Content/Maps/Templates/Template_Default.umap" TEMPLATE=1 SHOWPROGRESS=1 FEATURELEVEL=3
[2018.07.09-16.07.46:868][742]LightingResults: New page: Lighting Build
[2018.07.09-16.07.46:869][742]LoadErrors: New page: Loading map: Template_Default.umap
[2018.07.09-16.07.46:937][742]MapCheck: New page: Map Check
[2018.07.09-16.07.46:937][742]LightingResults: New page: Lighting Build
[2018.07.09-16.07.47:258][742]LogAIModule: Creating AISystem for world Untitled_1
[2018.07.09-16.07.47:266][742]LogEditorServer: Finished looking for orphan Actors (0.000 secs)
[2018.07.09-16.07.47:294][742]Cmd: MAP CHECKDEP NOCLEARLOG
[2018.07.09-16.07.47:411][742]MapCheck: Map check complete: 0 Error(s), 0 Warning(s), took 116.573ms to complete.
[2018.07.09-16.07.47:411][742]LogFileHelpers: Loading map 'Template_Default' took 0.603
[2018.07.09-16.08.01:891][ 59]LogTemp: Executing iPhonePackager certificates Engine -bundlename com.YourCompany.EscapeRoom
[2018.07.09-16.08.01:891][ 59]LogTemp: CWD: D:\Program Files\Epic Games\UE_4.19\Engine\Binaries\DotNET\IOS
[2018.07.09-16.08.01:891][ 59]LogTemp: Initial Dir: D:\Program Files\Epic Games\UE_4.19
[2018.07.09-16.08.01:891][ 59]LogTemp: Env CWD: D:\Program Files\Epic Games\UE_4.19\Engine\Binaries\DotNET\IOS
[2018.07.09-16.08.01:891][ 59]LogTemp: BranchPath = DESKTOP-T6SH14B/D/Program Files/Epic Games/UE_4.19/Engine/Binaries --- GameBranchPath = DESKTOP-T6SH14B/D/Program Files/Epic Games/UE_4.19/Engine/Binaries
[2018.07.09-16.08.01:891][ 59]LogSlate: Only BGRA pngs, bmps or icos are supported in by External Image Picker
[2018.07.09-16.08.02:166][ 60]LogTemp: IPP ERROR: Could not find provision directory 'C:\Users\misho\AppData\Local/Apple Computer/MobileDevice/Provisioning Profiles/'.
[2018.07.09-16.08.46:861][166]LogSlate: Window 'Save Level As' being destroyed
[2018.07.09-16.08.47:039][166]Cmd: OBJ SAVEPACKAGE PACKAGE="/Game/NewMap" FILE="../../../../../../Repos/UdemyUnreal/EscapeRoom/Content/NewMap.umap" SILENT=true AUTOSAVING=false KEEPDIRTY=false
[2018.07.09-16.08.47:068][166]LogSavePackage: Save=17.83ms
[2018.07.09-16.08.47:068][166]LogSavePackage: Moving '../../../../../../Repos/UdemyUnreal/EscapeRoom/Saved/NewMap24C751DB41E878ADA81BFAB30087CCBB.tmp' to '../../../../../../Repos/UdemyUnreal/EscapeRoom/Content/NewMap.umap'
[2018.07.09-16.08.47:069][166]LogSavePackage: Display: Finished SavePackage ../../../../../../Repos/UdemyUnreal/EscapeRoom/Content/NewMap.umap
[2018.07.09-16.08.47:084][166]Cmd: OBJ SAVEPACKAGE PACKAGE="/Game/NewMap_BuiltData" FILE="../../../../../../Repos/UdemyUnreal/EscapeRoom/Content/NewMap_BuiltData.uasset" SILENT=true
[2018.07.09-16.08.47:168][166]LogSavePackage: Save=69.62ms
[2018.07.09-16.08.47:168][166]LogSavePackage: Moving '../../../../../../Repos/UdemyUnreal/EscapeRoom/Saved/NewMap_BuiltDataF5B286B740DEB61E8F2C4E825FBEA870.tmp' to '../../../../../../Repos/UdemyUnreal/EscapeRoom/Content/NewMap_BuiltData.uasset'
[2018.07.09-16.08.47:169][166]LogSavePackage: Display: Finished SavePackage ../../../../../../Repos/UdemyUnreal/EscapeRoom/Content/NewMap_BuiltData.uasset
[2018.07.09-16.08.47:173][166]LogFileHelpers: Saving map 'NewMap' took 0.306
[2018.07.09-16.08.58:691][485]LogSlate: Window 'Project Settings' being destroyed
[2018.07.09-16.08.58:693][485]LogSlate: Window 'Project Settings' being destroyed
[2018.07.09-16.09.24:935][156]LogSlate: FSceneViewport::OnFocusLost() reason 2
[2018.07.09-16.09.40:998][961]LogSlate: FSceneViewport::OnFocusLost() reason 2
[2018.07.09-16.09.43:372][237]LogSlate: FSceneViewport::OnFocusLost() reason 2
[2018.07.09-16.10.16:558][638]LogSlate: FSceneViewport::OnFocusLost() reason 0
[2018.07.09-16.10.26:241][706]LogMaterial: Missing cached shader map for material LayerVisMaterial, compiling. 
[2018.07.09-16.10.26:415][706]LogMaterial: Missing cached shader map for material SelectBrushMaterial, compiling. 
[2018.07.09-16.10.26:463][706]LogMaterial: Missing cached shader map for material SelectBrushMaterial, compiling. 
[2018.07.09-16.10.26:513][706]LogMaterial: Missing cached shader map for material MaskBrushMaterial, compiling. 
[2018.07.09-16.10.26:692][706]LogMaterial: Missing cached shader map for material LandscapeLayerUsageMaterial, compiling. 
[2018.07.09-16.10.27:156][706]LogMaterial: Missing cached shader map for material CircleBrushMaterial, compiling. 
[2018.07.09-16.10.27:187][706]LogMaterial: Missing cached shader map for material CircleBrushMaterial, compiling. 
[2018.07.09-16.10.27:244][706]LogMaterial: Missing cached shader map for material CircleBrushMaterial, compiling. 
[2018.07.09-16.10.27:272][706]LogMaterial: Missing cached shader map for material CircleBrushMaterial, compiling. 
[2018.07.09-16.10.27:406][706]LogMaterial: Missing cached shader map for material AlphaBrushMaterial, compiling. 
[2018.07.09-16.10.27:452][706]LogMaterial: Missing cached shader map for material CircleBrushMaterial, compiling. 
[2018.07.09-16.10.27:476][706]LogMaterial: Missing cached shader map for material MaskBrushMaterial, compiling. 
[2018.07.09-16.10.27:556][706]LogTexture: Display: Building textures: Texture2D_2 (G8, 128X128)
[2018.07.09-16.10.31:458][855]LogSlate: FSceneViewport::OnFocusLost() reason 0
[2018.07.09-16.11.12:432][685]LogSlate: FSceneViewport::OnFocusLost() reason 0
[2018.07.09-16.11.12:707][697]LogActorFactory: Actor Factory created SM_Chair
[2018.07.09-16.11.13:669][774]LogActorFactory: Actor Factory created SM_Chair
[2018.07.09-16.11.23:864][645]LogSlate: FSceneViewport::OnFocusLost() reason 0
[2018.07.09-16.11.24:078][666]LogActorFactory: Actor Factory created SM_TableRound
[2018.07.09-16.11.24:492][696]LogActorFactory: Actor Factory created SM_TableRound
[2018.07.09-16.11.25:567][783]LogSlate: FSceneViewport::OnFocusLost() reason 0
[2018.07.09-16.11.25:727][798]LogActorFactory: Actor Factory created SM_Statue
[2018.07.09-16.11.28:725][ 53]LogActorFactory: Actor Factory created SM_Statue
[2018.07.09-16.11.34:605][652]LogSlate: FSceneViewport::OnFocusLost() reason 0
[2018.07.09-16.11.34:872][668]LogActorFactory: Actor Factory created SM_CornerFrame
[2018.07.09-16.11.36:777][859]LogSlate: FSceneViewport::OnFocusLost() reason 2
[2018.07.09-16.11.52:699][506]LogSlate: FSceneViewport::OnFocusLost() reason 0
[2018.07.09-16.11.52:830][515]LogActorFactory: Actor Factory created SM_WindowFrame
[2018.07.09-16.11.58:270][983]LogActorFactory: Actor Factory created SM_WindowFrame
[2018.07.09-16.12.30:081][451]Cmd: DELETE
[2018.07.09-16.12.30:081][451]Cmd: ACTOR DELETE
[2018.07.09-16.12.30:130][451]LogEditorActor: Deleted Actor: StaticMeshActor
[2018.07.09-16.12.30:162][451]LogEditorActor: Deleted 1 Actors (0.064 secs)
[2018.07.09-16.12.31:808][623]LogSlate: FSceneViewport::OnFocusLost() reason 0
[2018.07.09-16.12.32:186][632]LogActorFactory: Actor Factory created SM_Rock
[2018.07.09-16.12.32:987][720]LogActorFactory: Actor Factory created SM_Rock
[2018.07.09-16.12.38:325][283]LogSlate: FSceneViewport::OnFocusLost() reason 0
[2018.07.09-16.12.38:524][303]LogActorFactory: Actor Factory created SM_Rock
[2018.07.09-16.12.44:796][895]LogActorFactory: Actor Factory created SM_Rock
[2018.07.09-16.12.51:559][624]Cmd: DELETE
[2018.07.09-16.12.51:559][624]Cmd: ACTOR DELETE
[2018.07.09-16.12.51:560][624]LogEditorActor: Deleted Actor: StaticMeshActor
[2018.07.09-16.12.51:571][624]LogEditorActor: Deleted 1 Actors (0.011 secs)
[2018.07.09-16.12.53:114][805]LogEditorViewport: Clicking on Actor (LMB): StaticMeshActor (Floor)
[2018.07.09-16.12.53:708][867]LogSlate: FSceneViewport::OnFocusLost() reason 2
[2018.07.09-16.12.53:712][867]Cmd: OBJ SAVEPACKAGE PACKAGE="/Game/NewMap" FILE="../../../../../../Repos/UdemyUnreal/EscapeRoom/Content/NewMap.umap" SILENT=true AUTOSAVING=false KEEPDIRTY=false
[2018.07.09-16.12.53:743][867]LogSavePackage: Save=17.03ms
[2018.07.09-16.12.53:743][867]LogSavePackage: Moving '../../../../../../Repos/UdemyUnreal/EscapeRoom/Saved/NewMapEE8D1CD64AD567D7BA50DF925897EADC.tmp' to '../../../../../../Repos/UdemyUnreal/EscapeRoom/Content/NewMap.umap'
[2018.07.09-16.12.53:745][867]LogSavePackage: Display: Finished SavePackage ../../../../../../Repos/UdemyUnreal/EscapeRoom/Content/NewMap.umap
[2018.07.09-16.12.53:759][867]Cmd: OBJ SAVEPACKAGE PACKAGE="/Game/NewMap_BuiltData" FILE="../../../../../../Repos/UdemyUnreal/EscapeRoom/Content/NewMap_BuiltData.uasset" SILENT=true
[2018.07.09-16.12.53:779][867]LogSavePackage: Save=16.13ms
[2018.07.09-16.12.53:779][867]LogSavePackage: Moving '../../../../../../Repos/UdemyUnreal/EscapeRoom/Saved/NewMap_BuiltData5B51D81C44283BA358812593D2458C14.tmp' to '../../../../../../Repos/UdemyUnreal/EscapeRoom/Content/NewMap_BuiltData.uasset'
[2018.07.09-16.12.53:780][867]LogSavePackage: Display: Finished SavePackage ../../../../../../Repos/UdemyUnreal/EscapeRoom/Content/NewMap_BuiltData.uasset
[2018.07.09-16.12.54:980][998]LogSlate: FSceneViewport::OnFocusLost() reason 2
[2018.07.09-16.12.54:983][998]Cmd: OBJ SAVEPACKAGE PACKAGE="/Game/NewMap" FILE="../../../../../../Repos/UdemyUnreal/EscapeRoom/Content/NewMap.umap" SILENT=true AUTOSAVING=false KEEPDIRTY=false
[2018.07.09-16.12.55:012][998]LogSavePackage: Save=17.02ms
[2018.07.09-16.12.55:012][998]LogSavePackage: Moving '../../../../../../Repos/UdemyUnreal/EscapeRoom/Saved/NewMap7BAB87654247D6478357AC8A853FB99D.tmp' to '../../../../../../Repos/UdemyUnreal/EscapeRoom/Content/NewMap.umap'
[2018.07.09-16.12.55:013][998]LogSavePackage: Display: Finished SavePackage ../../../../../../Repos/UdemyUnreal/EscapeRoom/Content/NewMap.umap
[2018.07.09-16.12.55:026][998]Cmd: OBJ SAVEPACKAGE PACKAGE="/Game/NewMap_BuiltData" FILE="../../../../../../Repos/UdemyUnreal/EscapeRoom/Content/NewMap_BuiltData.uasset" SILENT=true
[2018.07.09-16.12.55:034][998]LogSavePackage: Save=6.21ms
[2018.07.09-16.12.55:034][998]LogSavePackage: Moving '../../../../../../Repos/UdemyUnreal/EscapeRoom/Saved/NewMap_BuiltData9FF7C9F84134B1BEDE6C5A98EDDD3AE0.tmp' to '../../../../../../Repos/UdemyUnreal/EscapeRoom/Content/NewMap_BuiltData.uasset'
[2018.07.09-16.12.55:035][998]LogSavePackage: Display: Finished SavePackage ../../../../../../Repos/UdemyUnreal/EscapeRoom/Content/NewMap_BuiltData.uasset
[2018.07.09-16.12.56:220][126]LogEditorViewport: Clicking on Actor (LMB): BP_Sky_Sphere_C (Sky Sphere)
[2018.07.09-16.13.03:749][930]LogSlate: FSceneViewport::OnFocusLost() reason 0
[2018.07.09-16.13.03:801][936]LogTemp: Repeating last play command: Selected Viewport
[2018.07.09-16.13.03:896][936]LogPlayLevel: PlayLevel: No blueprints needed recompiling
[2018.07.09-16.13.04:014][936]PIE: New page: PIE session: NewMap (Jul 9, 2018, 10:13:03 PM)
[2018.07.09-16.13.04:020][936]LogPlayLevel: Creating play world package: /Game/UEDPIE_0_NewMap
[2018.07.09-16.13.04:063][936]LogPlayLevel: PIE: StaticDuplicateObject took: (0.042477s)
[2018.07.09-16.13.04:063][936]LogAIModule: Creating AISystem for world NewMap
[2018.07.09-16.13.04:076][936]LogPlayLevel: PIE: World Init took: (0.012815s)
[2018.07.09-16.13.04:076][936]LogPlayLevel: PIE: Created PIE world by copying editor world from /Game/NewMap.NewMap to /Game/UEDPIE_0_NewMap.NewMap (0.055468s)
[2018.07.09-16.13.04:124][936]LogInit: XAudio2 using 'Speakers (Realtek High Definition Audio)' : 2 channels at 48 kHz using 32 bits per sample (channel mask 0x3)
[2018.07.09-16.13.04:146][936]LogInit: FAudioDevice initialized.
[2018.07.09-16.13.04:199][936]LogLoad: Game class is 'GameModeBase'
[2018.07.09-16.13.04:313][936]LogWorld: Bringing World /Game/UEDPIE_0_NewMap.NewMap up for play (max tick rate 0) at 2018.07.09-19.13.04
[2018.07.09-16.13.04:349][936]LogWorld: Bringing up level for play took: 0.037102
[2018.07.09-16.13.04:597][936]LogContentBrowser: Native class hierarchy updated for 'MovieSceneCapture' in 0.0006 seconds. Added 11 classes and 0 folders.
[2018.07.09-16.13.04:648][936]PIE: Play in editor start time for /Game/UEDPIE_0_NewMap -0.101
[2018.07.09-16.13.15:269][151]LogSlate: FSceneViewport::OnFocusLost() reason 2
